<?xml version="1.0" encoding="UTF-8"?>
<!-- Generated by org.testng.reporters.JUnitReportReporter -->
<testsuite hostname="AMISHA123" failures="0" tests="1" name="Runner.Test_Runner" time="85.029" errors="0" timestamp="5 Nov 2023 12:37:11 GMT">
  <testcase classname="Runner.Test_Runner" name="runScenario" time="85.029"/>
</testsuite> <!-- Runner.Test_Runner -->
